2014/01/16 16:47:40 [error] [exception.CException] exception 'CException' with message 'CAssetManager.basePath "/Users/laurencetsang/zy_work/workspace_for_php_netbeans/yunduoserver/assets" is invalid. Please make sure the directory exists and is writable by the Web server process.' in /Users/laurencetsang/zy_work/workspace_for_php_netbeans/YiiRoot/framework/web/CAssetManager.php:138
Stack trace:
#0 /Users/laurencetsang/zy_work/workspace_for_php_netbeans/YiiRoot/framework/web/CAssetManager.php(123): CAssetManager->setBasePath('/Users/laurence...')
#1 /Users/laurencetsang/zy_work/workspace_for_php_netbeans/YiiRoot/framework/web/CAssetManager.php(217): CAssetManager->getBasePath()
#2 /Users/laurencetsang/zy_work/workspace_for_php_netbeans/YiiRoot/framework/gii/GiiModule.php(143): CAssetManager->publish('/Users/laurence...')
#3 /Users/laurencetsang/zy_work/workspace_for_php_netbeans/YiiRoot/framework/base/CComponent.php(111): GiiModule->getAssetsUrl()
#4 /Users/laurencetsang/zy_work/workspace_for_php_netbeans/YiiRoot/framework/base/CModule.php(105): CComponent->__get('assetsUrl')
#5 /Users/laurencetsang/zy_work/workspace_for_php_netbeans/YiiRoot/framework/gii/views/layouts/main.php(5): CModule->__get('assetsUrl')
#6 /Users/laurencetsang/zy_work/workspace_for_php_netbeans/YiiRoot/framework/web/CBaseController.php(126): require('/Users/laurence...')
#7 /Users/laurencetsang/zy_work/workspace_for_php_netbeans/YiiRoot/framework/web/CBaseController.php(95): CBaseController->renderInternal('/Users/laurence...', Array, true)
#8 /Users/laurencetsang/zy_work/workspace_for_php_netbeans/YiiRoot/framework/web/widgets/CContentDecorator.php(76): CBaseController->renderFile('/Users/laurence...', Array, true)
#9 /Users/laurencetsang/zy_work/workspace_for_php_netbeans/YiiRoot/framework/web/widgets/CContentDecorator.php(54): CContentDecorator->decorate('<div class="con...')
#10 /Users/laurencetsang/zy_work/workspace_for_php_netbeans/YiiRoot/framework/web/widgets/COutputProcessor.php(44): CContentDecorator->processOutput('<div class="con...')
#11 /Users/laurencetsang/zy_work/workspace_for_php_netbeans/YiiRoot/framework/web/CBaseController.php(206): COutputProcessor->run()
#12 /Users/laurencetsang/zy_work/workspace_for_php_netbeans/YiiRoot/framework/web/CBaseController.php(300): CBaseController->endWidget('CContentDecorat...')
#13 /Users/laurencetsang/zy_work/workspace_for_php_netbeans/YiiRoot/framework/gii/views/layouts/column1.php(7): CBaseController->endContent()
#14 /Users/laurencetsang/zy_work/workspace_for_php_netbeans/YiiRoot/framework/web/CBaseController.php(126): require('/Users/laurence...')
#15 /Users/laurencetsang/zy_work/workspace_for_php_netbeans/YiiRoot/framework/web/CBaseController.php(95): CBaseController->renderInternal('/Users/laurence...', Array, true)
#16 /Users/laurencetsang/zy_work/workspace_for_php_netbeans/YiiRoot/framework/web/CController.php(784): CBaseController->renderFile('/Users/laurence...', Array, true)
#17 /Users/laurencetsang/zy_work/workspace_for_php_netbeans/YiiRoot/framework/gii/controllers/DefaultController.php(47): CController->render('login', Array)
#18 /Users/laurencetsang/zy_work/workspace_for_php_netbeans/YiiRoot/framework/web/actions/CInlineAction.php(49): DefaultController->actionLogin()
#19 /Users/laurencetsang/zy_work/workspace_for_php_netbeans/YiiRoot/framework/web/CController.php(308): CInlineAction->runWithParams(Array)
#20 /Users/laurencetsang/zy_work/workspace_for_php_netbeans/YiiRoot/framework/web/CController.php(286): CController->runAction(Object(CInlineAction))
#21 /Users/laurencetsang/zy_work/workspace_for_php_netbeans/YiiRoot/framework/web/CController.php(265): CController->runActionWithFilters(Object(CInlineAction), Array)
#22 /Users/laurencetsang/zy_work/workspace_for_php_netbeans/YiiRoot/framework/web/CWebApplication.php(282): CController->run('login')
#23 /Users/laurencetsang/zy_work/workspace_for_php_netbeans/YiiRoot/framework/web/CWebApplication.php(141): CWebApplication->runController('gii/default/log...')
#24 /Users/laurencetsang/zy_work/workspace_for_php_netbeans/YiiRoot/framework/base/CApplication.php(180): CWebApplication->processRequest()
#25 /Users/laurencetsang/zy_work/workspace_for_php_netbeans/yunduoserver/index.php(13): CApplication->run()
#26 {main}
REQUEST_URI=/yunduoserver/index.php?r=gii/default/login
---
2014/03/13 08:46:44 [error] [php] date(): It is not safe to rely on the system's timezone settings. You are *required* to use the date.timezone setting or the date_default_timezone_set() function. In case you used any of those methods and you are still getting this warning, you most likely misspelled the timezone identifier. We selected the timezone 'UTC' for now, but please set date.timezone to select your timezone. (/Users/laurencetsang/zy_work/workspace_for_php_netbeans/yunduoserver/protected/views/layouts/main.php:55)
Stack trace:
#0 /Users/laurencetsang/zy_work/workspace_for_php_netbeans/YiiRoot/framework/web/CBaseController.php(95): SiteController->renderInternal()
#1 /Users/laurencetsang/zy_work/workspace_for_php_netbeans/YiiRoot/framework/web/CController.php(784): SiteController->renderFile()
#2 /Users/laurencetsang/zy_work/workspace_for_php_netbeans/yunduoserver/protected/controllers/SiteController.php(30): SiteController->render()
#3 /Users/laurencetsang/zy_work/workspace_for_php_netbeans/YiiRoot/framework/web/actions/CInlineAction.php(49): SiteController->actionIndex()
#4 /Users/laurencetsang/zy_work/workspace_for_php_netbeans/YiiRoot/framework/web/CController.php(308): CInlineAction->runWithParams()
#5 /Users/laurencetsang/zy_work/workspace_for_php_netbeans/YiiRoot/framework/web/CController.php(286): SiteController->runAction()
#6 /Users/laurencetsang/zy_work/workspace_for_php_netbeans/YiiRoot/framework/web/CController.php(265): SiteController->runActionWithFilters()
#7 /Users/laurencetsang/zy_work/workspace_for_php_netbeans/YiiRoot/framework/web/CWebApplication.php(282): SiteController->run()
#8 /Users/laurencetsang/zy_work/workspace_for_php_netbeans/YiiRoot/framework/web/CWebApplication.php(141): CWebApplication->runController()
#9 /Users/laurencetsang/zy_work/workspace_for_php_netbeans/YiiRoot/framework/base/CApplication.php(180): CWebApplication->processRequest()
#10 /Users/laurencetsang/zy_work/workspace_for_php_netbeans/yunduoserver/index.php(13): CWebApplication->run()
REQUEST_URI=/yunduoserver/
in /Users/laurencetsang/zy_work/workspace_for_php_netbeans/yunduoserver/protected/views/layouts/main.php (55)
in /Users/laurencetsang/zy_work/workspace_for_php_netbeans/yunduoserver/protected/controllers/SiteController.php (30)
in /Users/laurencetsang/zy_work/workspace_for_php_netbeans/yunduoserver/index.php (13)
2014/03/13 08:46:46 [error] [php] date(): It is not safe to rely on the system's timezone settings. You are *required* to use the date.timezone setting or the date_default_timezone_set() function. In case you used any of those methods and you are still getting this warning, you most likely misspelled the timezone identifier. We selected the timezone 'UTC' for now, but please set date.timezone to select your timezone. (/Users/laurencetsang/zy_work/workspace_for_php_netbeans/yunduoserver/protected/views/layouts/main.php:55)
Stack trace:
#0 /Users/laurencetsang/zy_work/workspace_for_php_netbeans/YiiRoot/framework/web/CBaseController.php(95): SiteController->renderInternal()
#1 /Users/laurencetsang/zy_work/workspace_for_php_netbeans/YiiRoot/framework/web/CController.php(784): SiteController->renderFile()
#2 /Users/laurencetsang/zy_work/workspace_for_php_netbeans/yunduoserver/protected/controllers/SiteController.php(30): SiteController->render()
#3 /Users/laurencetsang/zy_work/workspace_for_php_netbeans/YiiRoot/framework/web/actions/CInlineAction.php(49): SiteController->actionIndex()
#4 /Users/laurencetsang/zy_work/workspace_for_php_netbeans/YiiRoot/framework/web/CController.php(308): CInlineAction->runWithParams()
#5 /Users/laurencetsang/zy_work/workspace_for_php_netbeans/YiiRoot/framework/web/CController.php(286): SiteController->runAction()
#6 /Users/laurencetsang/zy_work/workspace_for_php_netbeans/YiiRoot/framework/web/CController.php(265): SiteController->runActionWithFilters()
#7 /Users/laurencetsang/zy_work/workspace_for_php_netbeans/YiiRoot/framework/web/CWebApplication.php(282): SiteController->run()
#8 /Users/laurencetsang/zy_work/workspace_for_php_netbeans/YiiRoot/framework/web/CWebApplication.php(141): CWebApplication->runController()
#9 /Users/laurencetsang/zy_work/workspace_for_php_netbeans/YiiRoot/framework/base/CApplication.php(180): CWebApplication->processRequest()
#10 /Users/laurencetsang/zy_work/workspace_for_php_netbeans/yunduoserver/index.php(13): CWebApplication->run()
REQUEST_URI=/yunduoserver/
in /Users/laurencetsang/zy_work/workspace_for_php_netbeans/yunduoserver/protected/views/layouts/main.php (55)
in /Users/laurencetsang/zy_work/workspace_for_php_netbeans/yunduoserver/protected/controllers/SiteController.php (30)
in /Users/laurencetsang/zy_work/workspace_for_php_netbeans/yunduoserver/index.php (13)
2014/03/13 08:46:51 [error] [php] date(): It is not safe to rely on the system's timezone settings. You are *required* to use the date.timezone setting or the date_default_timezone_set() function. In case you used any of those methods and you are still getting this warning, you most likely misspelled the timezone identifier. We selected the timezone 'UTC' for now, but please set date.timezone to select your timezone. (/Users/laurencetsang/zy_work/workspace_for_php_netbeans/yunduoserver/protected/views/layouts/main.php:55)
Stack trace:
#0 /Users/laurencetsang/zy_work/workspace_for_php_netbeans/YiiRoot/framework/web/CBaseController.php(95): SiteController->renderInternal()
#1 /Users/laurencetsang/zy_work/workspace_for_php_netbeans/YiiRoot/framework/web/CController.php(784): SiteController->renderFile()
#2 /Users/laurencetsang/zy_work/workspace_for_php_netbeans/yunduoserver/protected/controllers/SiteController.php(30): SiteController->render()
#3 /Users/laurencetsang/zy_work/workspace_for_php_netbeans/YiiRoot/framework/web/actions/CInlineAction.php(49): SiteController->actionIndex()
#4 /Users/laurencetsang/zy_work/workspace_for_php_netbeans/YiiRoot/framework/web/CController.php(308): CInlineAction->runWithParams()
#5 /Users/laurencetsang/zy_work/workspace_for_php_netbeans/YiiRoot/framework/web/CController.php(286): SiteController->runAction()
#6 /Users/laurencetsang/zy_work/workspace_for_php_netbeans/YiiRoot/framework/web/CController.php(265): SiteController->runActionWithFilters()
#7 /Users/laurencetsang/zy_work/workspace_for_php_netbeans/YiiRoot/framework/web/CWebApplication.php(282): SiteController->run()
#8 /Users/laurencetsang/zy_work/workspace_for_php_netbeans/YiiRoot/framework/web/CWebApplication.php(141): CWebApplication->runController()
#9 /Users/laurencetsang/zy_work/workspace_for_php_netbeans/YiiRoot/framework/base/CApplication.php(180): CWebApplication->processRequest()
#10 /Users/laurencetsang/zy_work/workspace_for_php_netbeans/yunduoserver/index.php(13): CWebApplication->run()
REQUEST_URI=/yunduoserver/
in /Users/laurencetsang/zy_work/workspace_for_php_netbeans/yunduoserver/protected/views/layouts/main.php (55)
in /Users/laurencetsang/zy_work/workspace_for_php_netbeans/yunduoserver/protected/controllers/SiteController.php (30)
in /Users/laurencetsang/zy_work/workspace_for_php_netbeans/yunduoserver/index.php (13)
2014/03/14 14:52:57 [error] [exception.CDbException] exception 'CDbException' with message 'CDbConnection failed to open the DB connection: SQLSTATE[HY000] [2002] Connection refused' in /Users/laurencetsang/zy_work/workspace_for_php_netbeans/YiiRoot/framework/db/CDbConnection.php:382
Stack trace:
#0 /Users/laurencetsang/zy_work/workspace_for_php_netbeans/YiiRoot/framework/db/CDbConnection.php(330): CDbConnection->open()
#1 /Users/laurencetsang/zy_work/workspace_for_php_netbeans/YiiRoot/framework/db/CDbConnection.php(308): CDbConnection->setActive(true)
#2 /Users/laurencetsang/zy_work/workspace_for_php_netbeans/YiiRoot/framework/base/CModule.php(387): CDbConnection->init()
#3 /Users/laurencetsang/zy_work/workspace_for_php_netbeans/YiiRoot/framework/base/CModule.php(103): CModule->getComponent('db')
#4 /Users/laurencetsang/zy_work/workspace_for_php_netbeans/YiiRoot/framework/gii/generators/model/ModelCode.php(60): CModule->__get('db')
#5 /Users/laurencetsang/zy_work/workspace_for_php_netbeans/YiiRoot/framework/web/CFormModel.php(39): ModelCode->init()
#6 /Users/laurencetsang/zy_work/workspace_for_php_netbeans/YiiRoot/framework/gii/CCodeGenerator.php(153): CFormModel->__construct()
#7 /Users/laurencetsang/zy_work/workspace_for_php_netbeans/YiiRoot/framework/gii/CCodeGenerator.php(63): CCodeGenerator->prepare()
#8 /Users/laurencetsang/zy_work/workspace_for_php_netbeans/YiiRoot/framework/web/actions/CInlineAction.php(49): CCodeGenerator->actionIndex()
#9 /Users/laurencetsang/zy_work/workspace_for_php_netbeans/YiiRoot/framework/web/CController.php(308): CInlineAction->runWithParams(Array)
#10 /Users/laurencetsang/zy_work/workspace_for_php_netbeans/YiiRoot/framework/web/CController.php(286): CController->runAction(Object(CInlineAction))
#11 /Users/laurencetsang/zy_work/workspace_for_php_netbeans/YiiRoot/framework/web/CController.php(265): CController->runActionWithFilters(Object(CInlineAction), Array)
#12 /Users/laurencetsang/zy_work/workspace_for_php_netbeans/YiiRoot/framework/web/CWebApplication.php(282): CController->run('index')
#13 /Users/laurencetsang/zy_work/workspace_for_php_netbeans/YiiRoot/framework/web/CWebApplication.php(141): CWebApplication->runController('gii/model/index')
#14 /Users/laurencetsang/zy_work/workspace_for_php_netbeans/YiiRoot/framework/base/CApplication.php(180): CWebApplication->processRequest()
#15 /Users/laurencetsang/zy_work/workspace_for_php_netbeans/yunduoserver/index.php(13): CApplication->run()
#16 {main}
REQUEST_URI=/yunduoserver/index.php?r=gii/model/index
HTTP_REFERER=http://127.0.0.1/yunduoserver/index.php?r=gii/default/index
---
2014/03/14 14:56:02 [error] [exception.CDbException] exception 'CDbException' with message 'CDbConnection failed to open the DB connection: SQLSTATE[HY000] [2002] Connection refused' in /Users/laurencetsang/zy_work/workspace_for_php_netbeans/YiiRoot/framework/db/CDbConnection.php:382
Stack trace:
#0 /Users/laurencetsang/zy_work/workspace_for_php_netbeans/YiiRoot/framework/db/CDbConnection.php(330): CDbConnection->open()
#1 /Users/laurencetsang/zy_work/workspace_for_php_netbeans/YiiRoot/framework/db/CDbConnection.php(308): CDbConnection->setActive(true)
#2 /Users/laurencetsang/zy_work/workspace_for_php_netbeans/YiiRoot/framework/base/CModule.php(387): CDbConnection->init()
#3 /Users/laurencetsang/zy_work/workspace_for_php_netbeans/YiiRoot/framework/base/CModule.php(103): CModule->getComponent('db')
#4 /Users/laurencetsang/zy_work/workspace_for_php_netbeans/YiiRoot/framework/gii/generators/model/ModelCode.php(60): CModule->__get('db')
#5 /Users/laurencetsang/zy_work/workspace_for_php_netbeans/YiiRoot/framework/web/CFormModel.php(39): ModelCode->init()
#6 /Users/laurencetsang/zy_work/workspace_for_php_netbeans/YiiRoot/framework/gii/CCodeGenerator.php(153): CFormModel->__construct()
#7 /Users/laurencetsang/zy_work/workspace_for_php_netbeans/YiiRoot/framework/gii/CCodeGenerator.php(63): CCodeGenerator->prepare()
#8 /Users/laurencetsang/zy_work/workspace_for_php_netbeans/YiiRoot/framework/web/actions/CInlineAction.php(49): CCodeGenerator->actionIndex()
#9 /Users/laurencetsang/zy_work/workspace_for_php_netbeans/YiiRoot/framework/web/CController.php(308): CInlineAction->runWithParams(Array)
#10 /Users/laurencetsang/zy_work/workspace_for_php_netbeans/YiiRoot/framework/web/CController.php(286): CController->runAction(Object(CInlineAction))
#11 /Users/laurencetsang/zy_work/workspace_for_php_netbeans/YiiRoot/framework/web/CController.php(265): CController->runActionWithFilters(Object(CInlineAction), Array)
#12 /Users/laurencetsang/zy_work/workspace_for_php_netbeans/YiiRoot/framework/web/CWebApplication.php(282): CController->run('index')
#13 /Users/laurencetsang/zy_work/workspace_for_php_netbeans/YiiRoot/framework/web/CWebApplication.php(141): CWebApplication->runController('gii/model/index')
#14 /Users/laurencetsang/zy_work/workspace_for_php_netbeans/YiiRoot/framework/base/CApplication.php(180): CWebApplication->processRequest()
#15 /Users/laurencetsang/zy_work/workspace_for_php_netbeans/yunduoserver/index.php(13): CApplication->run()
#16 {main}
REQUEST_URI=/yunduoserver/index.php?r=gii/model/index
HTTP_REFERER=http://127.0.0.1/yunduoserver/index.php?r=gii/default/index
---
2014/03/26 15:09:07 [error] [exception.CDbException] exception 'CDbException' with message 'CDbConnection failed to open the DB connection: SQLSTATE[HY000] [2002] Connection refused' in /Users/laurencetsang/zy_work/workspace_for_php_netbeans/YiiRoot/framework/db/CDbConnection.php:382
Stack trace:
#0 /Users/laurencetsang/zy_work/workspace_for_php_netbeans/YiiRoot/framework/db/CDbConnection.php(330): CDbConnection->open()
#1 /Users/laurencetsang/zy_work/workspace_for_php_netbeans/YiiRoot/framework/db/CDbConnection.php(308): CDbConnection->setActive(true)
#2 /Users/laurencetsang/zy_work/workspace_for_php_netbeans/YiiRoot/framework/base/CModule.php(387): CDbConnection->init()
#3 /Users/laurencetsang/zy_work/workspace_for_php_netbeans/YiiRoot/framework/base/CModule.php(103): CModule->getComponent('db')
#4 /Users/laurencetsang/zy_work/workspace_for_php_netbeans/YiiRoot/framework/gii/generators/model/ModelCode.php(60): CModule->__get('db')
#5 /Users/laurencetsang/zy_work/workspace_for_php_netbeans/YiiRoot/framework/web/CFormModel.php(39): ModelCode->init()
#6 /Users/laurencetsang/zy_work/workspace_for_php_netbeans/YiiRoot/framework/gii/CCodeGenerator.php(153): CFormModel->__construct()
#7 /Users/laurencetsang/zy_work/workspace_for_php_netbeans/YiiRoot/framework/gii/CCodeGenerator.php(63): CCodeGenerator->prepare()
#8 /Users/laurencetsang/zy_work/workspace_for_php_netbeans/YiiRoot/framework/web/actions/CInlineAction.php(49): CCodeGenerator->actionIndex()
#9 /Users/laurencetsang/zy_work/workspace_for_php_netbeans/YiiRoot/framework/web/CController.php(308): CInlineAction->runWithParams(Array)
#10 /Users/laurencetsang/zy_work/workspace_for_php_netbeans/YiiRoot/framework/web/CController.php(286): CController->runAction(Object(CInlineAction))
#11 /Users/laurencetsang/zy_work/workspace_for_php_netbeans/YiiRoot/framework/web/CController.php(265): CController->runActionWithFilters(Object(CInlineAction), Array)
#12 /Users/laurencetsang/zy_work/workspace_for_php_netbeans/YiiRoot/framework/web/CWebApplication.php(282): CController->run('index')
#13 /Users/laurencetsang/zy_work/workspace_for_php_netbeans/YiiRoot/framework/web/CWebApplication.php(141): CWebApplication->runController('gii/model/index')
#14 /Users/laurencetsang/zy_work/workspace_for_php_netbeans/YiiRoot/framework/base/CApplication.php(180): CWebApplication->processRequest()
#15 /Users/laurencetsang/zy_work/workspace_for_php_netbeans/yunduoserver/index.php(13): CApplication->run()
#16 {main}
REQUEST_URI=/yunduoserver/index.php?r=gii/model/index
HTTP_REFERER=http://127.0.0.1/yunduoserver/index.php?r=gii/default/index
---
2014/03/26 15:16:16 [error] [exception.CDbException] exception 'CDbException' with message 'CDbConnection failed to open the DB connection: could not find driver' in /Users/laurencetsang/zy_work/workspace_for_php_netbeans/YiiRoot/framework/db/CDbConnection.php:382
Stack trace:
#0 /Users/laurencetsang/zy_work/workspace_for_php_netbeans/YiiRoot/framework/db/CDbConnection.php(330): CDbConnection->open()
#1 /Users/laurencetsang/zy_work/workspace_for_php_netbeans/YiiRoot/framework/db/CDbConnection.php(308): CDbConnection->setActive(true)
#2 /Users/laurencetsang/zy_work/workspace_for_php_netbeans/YiiRoot/framework/base/CModule.php(387): CDbConnection->init()
#3 /Users/laurencetsang/zy_work/workspace_for_php_netbeans/YiiRoot/framework/base/CModule.php(103): CModule->getComponent('db')
#4 /Users/laurencetsang/zy_work/workspace_for_php_netbeans/YiiRoot/framework/gii/generators/model/ModelCode.php(60): CModule->__get('db')
#5 /Users/laurencetsang/zy_work/workspace_for_php_netbeans/YiiRoot/framework/web/CFormModel.php(39): ModelCode->init()
#6 /Users/laurencetsang/zy_work/workspace_for_php_netbeans/YiiRoot/framework/gii/CCodeGenerator.php(153): CFormModel->__construct()
#7 /Users/laurencetsang/zy_work/workspace_for_php_netbeans/YiiRoot/framework/gii/CCodeGenerator.php(63): CCodeGenerator->prepare()
#8 /Users/laurencetsang/zy_work/workspace_for_php_netbeans/YiiRoot/framework/web/actions/CInlineAction.php(49): CCodeGenerator->actionIndex()
#9 /Users/laurencetsang/zy_work/workspace_for_php_netbeans/YiiRoot/framework/web/CController.php(308): CInlineAction->runWithParams(Array)
#10 /Users/laurencetsang/zy_work/workspace_for_php_netbeans/YiiRoot/framework/web/CController.php(286): CController->runAction(Object(CInlineAction))
#11 /Users/laurencetsang/zy_work/workspace_for_php_netbeans/YiiRoot/framework/web/CController.php(265): CController->runActionWithFilters(Object(CInlineAction), Array)
#12 /Users/laurencetsang/zy_work/workspace_for_php_netbeans/YiiRoot/framework/web/CWebApplication.php(282): CController->run('index')
#13 /Users/laurencetsang/zy_work/workspace_for_php_netbeans/YiiRoot/framework/web/CWebApplication.php(141): CWebApplication->runController('gii/model/index')
#14 /Users/laurencetsang/zy_work/workspace_for_php_netbeans/YiiRoot/framework/base/CApplication.php(180): CWebApplication->processRequest()
#15 /Users/laurencetsang/zy_work/workspace_for_php_netbeans/yunduoserver/index.php(13): CApplication->run()
#16 {main}
REQUEST_URI=/yunduoserver/index.php?r=gii/model/index
HTTP_REFERER=http://127.0.0.1/yunduoserver/index.php?r=gii
---
2014/03/26 15:16:30 [error] [exception.CDbException] exception 'CDbException' with message 'CDbConnection failed to open the DB connection: could not find driver' in /Users/laurencetsang/zy_work/workspace_for_php_netbeans/YiiRoot/framework/db/CDbConnection.php:382
Stack trace:
#0 /Users/laurencetsang/zy_work/workspace_for_php_netbeans/YiiRoot/framework/db/CDbConnection.php(330): CDbConnection->open()
#1 /Users/laurencetsang/zy_work/workspace_for_php_netbeans/YiiRoot/framework/db/CDbConnection.php(308): CDbConnection->setActive(true)
#2 /Users/laurencetsang/zy_work/workspace_for_php_netbeans/YiiRoot/framework/base/CModule.php(387): CDbConnection->init()
#3 /Users/laurencetsang/zy_work/workspace_for_php_netbeans/YiiRoot/framework/base/CModule.php(103): CModule->getComponent('db')
#4 /Users/laurencetsang/zy_work/workspace_for_php_netbeans/YiiRoot/framework/gii/generators/model/ModelCode.php(60): CModule->__get('db')
#5 /Users/laurencetsang/zy_work/workspace_for_php_netbeans/YiiRoot/framework/web/CFormModel.php(39): ModelCode->init()
#6 /Users/laurencetsang/zy_work/workspace_for_php_netbeans/YiiRoot/framework/gii/CCodeGenerator.php(153): CFormModel->__construct()
#7 /Users/laurencetsang/zy_work/workspace_for_php_netbeans/YiiRoot/framework/gii/CCodeGenerator.php(63): CCodeGenerator->prepare()
#8 /Users/laurencetsang/zy_work/workspace_for_php_netbeans/YiiRoot/framework/web/actions/CInlineAction.php(49): CCodeGenerator->actionIndex()
#9 /Users/laurencetsang/zy_work/workspace_for_php_netbeans/YiiRoot/framework/web/CController.php(308): CInlineAction->runWithParams(Array)
#10 /Users/laurencetsang/zy_work/workspace_for_php_netbeans/YiiRoot/framework/web/CController.php(286): CController->runAction(Object(CInlineAction))
#11 /Users/laurencetsang/zy_work/workspace_for_php_netbeans/YiiRoot/framework/web/CController.php(265): CController->runActionWithFilters(Object(CInlineAction), Array)
#12 /Users/laurencetsang/zy_work/workspace_for_php_netbeans/YiiRoot/framework/web/CWebApplication.php(282): CController->run('index')
#13 /Users/laurencetsang/zy_work/workspace_for_php_netbeans/YiiRoot/framework/web/CWebApplication.php(141): CWebApplication->runController('gii/model/index')
#14 /Users/laurencetsang/zy_work/workspace_for_php_netbeans/YiiRoot/framework/base/CApplication.php(180): CWebApplication->processRequest()
#15 /Users/laurencetsang/zy_work/workspace_for_php_netbeans/yunduoserver/index.php(13): CApplication->run()
#16 {main}
REQUEST_URI=/yunduoserver/index.php?r=gii/model/index
HTTP_REFERER=http://127.0.0.1/yunduoserver/index.php?r=gii
---
2014/03/26 15:16:31 [error] [exception.CDbException] exception 'CDbException' with message 'CDbConnection failed to open the DB connection: could not find driver' in /Users/laurencetsang/zy_work/workspace_for_php_netbeans/YiiRoot/framework/db/CDbConnection.php:382
Stack trace:
#0 /Users/laurencetsang/zy_work/workspace_for_php_netbeans/YiiRoot/framework/db/CDbConnection.php(330): CDbConnection->open()
#1 /Users/laurencetsang/zy_work/workspace_for_php_netbeans/YiiRoot/framework/db/CDbConnection.php(308): CDbConnection->setActive(true)
#2 /Users/laurencetsang/zy_work/workspace_for_php_netbeans/YiiRoot/framework/base/CModule.php(387): CDbConnection->init()
#3 /Users/laurencetsang/zy_work/workspace_for_php_netbeans/YiiRoot/framework/base/CModule.php(103): CModule->getComponent('db')
#4 /Users/laurencetsang/zy_work/workspace_for_php_netbeans/YiiRoot/framework/gii/generators/model/ModelCode.php(60): CModule->__get('db')
#5 /Users/laurencetsang/zy_work/workspace_for_php_netbeans/YiiRoot/framework/web/CFormModel.php(39): ModelCode->init()
#6 /Users/laurencetsang/zy_work/workspace_for_php_netbeans/YiiRoot/framework/gii/CCodeGenerator.php(153): CFormModel->__construct()
#7 /Users/laurencetsang/zy_work/workspace_for_php_netbeans/YiiRoot/framework/gii/CCodeGenerator.php(63): CCodeGenerator->prepare()
#8 /Users/laurencetsang/zy_work/workspace_for_php_netbeans/YiiRoot/framework/web/actions/CInlineAction.php(49): CCodeGenerator->actionIndex()
#9 /Users/laurencetsang/zy_work/workspace_for_php_netbeans/YiiRoot/framework/web/CController.php(308): CInlineAction->runWithParams(Array)
#10 /Users/laurencetsang/zy_work/workspace_for_php_netbeans/YiiRoot/framework/web/CController.php(286): CController->runAction(Object(CInlineAction))
#11 /Users/laurencetsang/zy_work/workspace_for_php_netbeans/YiiRoot/framework/web/CController.php(265): CController->runActionWithFilters(Object(CInlineAction), Array)
#12 /Users/laurencetsang/zy_work/workspace_for_php_netbeans/YiiRoot/framework/web/CWebApplication.php(282): CController->run('index')
#13 /Users/laurencetsang/zy_work/workspace_for_php_netbeans/YiiRoot/framework/web/CWebApplication.php(141): CWebApplication->runController('gii/model/index')
#14 /Users/laurencetsang/zy_work/workspace_for_php_netbeans/YiiRoot/framework/base/CApplication.php(180): CWebApplication->processRequest()
#15 /Users/laurencetsang/zy_work/workspace_for_php_netbeans/yunduoserver/index.php(13): CApplication->run()
#16 {main}
REQUEST_URI=/yunduoserver/index.php?r=gii/model/index
HTTP_REFERER=http://127.0.0.1/yunduoserver/index.php?r=gii
---
2014/03/26 15:16:32 [error] [exception.CDbException] exception 'CDbException' with message 'CDbConnection failed to open the DB connection: could not find driver' in /Users/laurencetsang/zy_work/workspace_for_php_netbeans/YiiRoot/framework/db/CDbConnection.php:382
Stack trace:
#0 /Users/laurencetsang/zy_work/workspace_for_php_netbeans/YiiRoot/framework/db/CDbConnection.php(330): CDbConnection->open()
#1 /Users/laurencetsang/zy_work/workspace_for_php_netbeans/YiiRoot/framework/db/CDbConnection.php(308): CDbConnection->setActive(true)
#2 /Users/laurencetsang/zy_work/workspace_for_php_netbeans/YiiRoot/framework/base/CModule.php(387): CDbConnection->init()
#3 /Users/laurencetsang/zy_work/workspace_for_php_netbeans/YiiRoot/framework/base/CModule.php(103): CModule->getComponent('db')
#4 /Users/laurencetsang/zy_work/workspace_for_php_netbeans/YiiRoot/framework/gii/generators/model/ModelCode.php(60): CModule->__get('db')
#5 /Users/laurencetsang/zy_work/workspace_for_php_netbeans/YiiRoot/framework/web/CFormModel.php(39): ModelCode->init()
#6 /Users/laurencetsang/zy_work/workspace_for_php_netbeans/YiiRoot/framework/gii/CCodeGenerator.php(153): CFormModel->__construct()
#7 /Users/laurencetsang/zy_work/workspace_for_php_netbeans/YiiRoot/framework/gii/CCodeGenerator.php(63): CCodeGenerator->prepare()
#8 /Users/laurencetsang/zy_work/workspace_for_php_netbeans/YiiRoot/framework/web/actions/CInlineAction.php(49): CCodeGenerator->actionIndex()
#9 /Users/laurencetsang/zy_work/workspace_for_php_netbeans/YiiRoot/framework/web/CController.php(308): CInlineAction->runWithParams(Array)
#10 /Users/laurencetsang/zy_work/workspace_for_php_netbeans/YiiRoot/framework/web/CController.php(286): CController->runAction(Object(CInlineAction))
#11 /Users/laurencetsang/zy_work/workspace_for_php_netbeans/YiiRoot/framework/web/CController.php(265): CController->runActionWithFilters(Object(CInlineAction), Array)
#12 /Users/laurencetsang/zy_work/workspace_for_php_netbeans/YiiRoot/framework/web/CWebApplication.php(282): CController->run('index')
#13 /Users/laurencetsang/zy_work/workspace_for_php_netbeans/YiiRoot/framework/web/CWebApplication.php(141): CWebApplication->runController('gii/model/index')
#14 /Users/laurencetsang/zy_work/workspace_for_php_netbeans/YiiRoot/framework/base/CApplication.php(180): CWebApplication->processRequest()
#15 /Users/laurencetsang/zy_work/workspace_for_php_netbeans/yunduoserver/index.php(13): CApplication->run()
#16 {main}
REQUEST_URI=/yunduoserver/index.php?r=gii/model/index
HTTP_REFERER=http://127.0.0.1/yunduoserver/index.php?r=gii
---
2014/03/26 15:16:32 [error] [exception.CDbException] exception 'CDbException' with message 'CDbConnection failed to open the DB connection: could not find driver' in /Users/laurencetsang/zy_work/workspace_for_php_netbeans/YiiRoot/framework/db/CDbConnection.php:382
Stack trace:
#0 /Users/laurencetsang/zy_work/workspace_for_php_netbeans/YiiRoot/framework/db/CDbConnection.php(330): CDbConnection->open()
#1 /Users/laurencetsang/zy_work/workspace_for_php_netbeans/YiiRoot/framework/db/CDbConnection.php(308): CDbConnection->setActive(true)
#2 /Users/laurencetsang/zy_work/workspace_for_php_netbeans/YiiRoot/framework/base/CModule.php(387): CDbConnection->init()
#3 /Users/laurencetsang/zy_work/workspace_for_php_netbeans/YiiRoot/framework/base/CModule.php(103): CModule->getComponent('db')
#4 /Users/laurencetsang/zy_work/workspace_for_php_netbeans/YiiRoot/framework/gii/generators/model/ModelCode.php(60): CModule->__get('db')
#5 /Users/laurencetsang/zy_work/workspace_for_php_netbeans/YiiRoot/framework/web/CFormModel.php(39): ModelCode->init()
#6 /Users/laurencetsang/zy_work/workspace_for_php_netbeans/YiiRoot/framework/gii/CCodeGenerator.php(153): CFormModel->__construct()
#7 /Users/laurencetsang/zy_work/workspace_for_php_netbeans/YiiRoot/framework/gii/CCodeGenerator.php(63): CCodeGenerator->prepare()
#8 /Users/laurencetsang/zy_work/workspace_for_php_netbeans/YiiRoot/framework/web/actions/CInlineAction.php(49): CCodeGenerator->actionIndex()
#9 /Users/laurencetsang/zy_work/workspace_for_php_netbeans/YiiRoot/framework/web/CController.php(308): CInlineAction->runWithParams(Array)
#10 /Users/laurencetsang/zy_work/workspace_for_php_netbeans/YiiRoot/framework/web/CController.php(286): CController->runAction(Object(CInlineAction))
#11 /Users/laurencetsang/zy_work/workspace_for_php_netbeans/YiiRoot/framework/web/CController.php(265): CController->runActionWithFilters(Object(CInlineAction), Array)
#12 /Users/laurencetsang/zy_work/workspace_for_php_netbeans/YiiRoot/framework/web/CWebApplication.php(282): CController->run('index')
#13 /Users/laurencetsang/zy_work/workspace_for_php_netbeans/YiiRoot/framework/web/CWebApplication.php(141): CWebApplication->runController('gii/model/index')
#14 /Users/laurencetsang/zy_work/workspace_for_php_netbeans/YiiRoot/framework/base/CApplication.php(180): CWebApplication->processRequest()
#15 /Users/laurencetsang/zy_work/workspace_for_php_netbeans/yunduoserver/index.php(13): CApplication->run()
#16 {main}
REQUEST_URI=/yunduoserver/index.php?r=gii/model/index
HTTP_REFERER=http://127.0.0.1/yunduoserver/index.php?r=gii
---
2014/03/26 15:16:32 [error] [exception.CDbException] exception 'CDbException' with message 'CDbConnection failed to open the DB connection: could not find driver' in /Users/laurencetsang/zy_work/workspace_for_php_netbeans/YiiRoot/framework/db/CDbConnection.php:382
Stack trace:
#0 /Users/laurencetsang/zy_work/workspace_for_php_netbeans/YiiRoot/framework/db/CDbConnection.php(330): CDbConnection->open()
#1 /Users/laurencetsang/zy_work/workspace_for_php_netbeans/YiiRoot/framework/db/CDbConnection.php(308): CDbConnection->setActive(true)
#2 /Users/laurencetsang/zy_work/workspace_for_php_netbeans/YiiRoot/framework/base/CModule.php(387): CDbConnection->init()
#3 /Users/laurencetsang/zy_work/workspace_for_php_netbeans/YiiRoot/framework/base/CModule.php(103): CModule->getComponent('db')
#4 /Users/laurencetsang/zy_work/workspace_for_php_netbeans/YiiRoot/framework/gii/generators/model/ModelCode.php(60): CModule->__get('db')
#5 /Users/laurencetsang/zy_work/workspace_for_php_netbeans/YiiRoot/framework/web/CFormModel.php(39): ModelCode->init()
#6 /Users/laurencetsang/zy_work/workspace_for_php_netbeans/YiiRoot/framework/gii/CCodeGenerator.php(153): CFormModel->__construct()
#7 /Users/laurencetsang/zy_work/workspace_for_php_netbeans/YiiRoot/framework/gii/CCodeGenerator.php(63): CCodeGenerator->prepare()
#8 /Users/laurencetsang/zy_work/workspace_for_php_netbeans/YiiRoot/framework/web/actions/CInlineAction.php(49): CCodeGenerator->actionIndex()
#9 /Users/laurencetsang/zy_work/workspace_for_php_netbeans/YiiRoot/framework/web/CController.php(308): CInlineAction->runWithParams(Array)
#10 /Users/laurencetsang/zy_work/workspace_for_php_netbeans/YiiRoot/framework/web/CController.php(286): CController->runAction(Object(CInlineAction))
#11 /Users/laurencetsang/zy_work/workspace_for_php_netbeans/YiiRoot/framework/web/CController.php(265): CController->runActionWithFilters(Object(CInlineAction), Array)
#12 /Users/laurencetsang/zy_work/workspace_for_php_netbeans/YiiRoot/framework/web/CWebApplication.php(282): CController->run('index')
#13 /Users/laurencetsang/zy_work/workspace_for_php_netbeans/YiiRoot/framework/web/CWebApplication.php(141): CWebApplication->runController('gii/model/index')
#14 /Users/laurencetsang/zy_work/workspace_for_php_netbeans/YiiRoot/framework/base/CApplication.php(180): CWebApplication->processRequest()
#15 /Users/laurencetsang/zy_work/workspace_for_php_netbeans/yunduoserver/index.php(13): CApplication->run()
#16 {main}
REQUEST_URI=/yunduoserver/index.php?r=gii/model/index
HTTP_REFERER=http://127.0.0.1/yunduoserver/index.php?r=gii
---
2014/03/26 15:16:32 [error] [exception.CDbException] exception 'CDbException' with message 'CDbConnection failed to open the DB connection: could not find driver' in /Users/laurencetsang/zy_work/workspace_for_php_netbeans/YiiRoot/framework/db/CDbConnection.php:382
Stack trace:
#0 /Users/laurencetsang/zy_work/workspace_for_php_netbeans/YiiRoot/framework/db/CDbConnection.php(330): CDbConnection->open()
#1 /Users/laurencetsang/zy_work/workspace_for_php_netbeans/YiiRoot/framework/db/CDbConnection.php(308): CDbConnection->setActive(true)
#2 /Users/laurencetsang/zy_work/workspace_for_php_netbeans/YiiRoot/framework/base/CModule.php(387): CDbConnection->init()
#3 /Users/laurencetsang/zy_work/workspace_for_php_netbeans/YiiRoot/framework/base/CModule.php(103): CModule->getComponent('db')
#4 /Users/laurencetsang/zy_work/workspace_for_php_netbeans/YiiRoot/framework/gii/generators/model/ModelCode.php(60): CModule->__get('db')
#5 /Users/laurencetsang/zy_work/workspace_for_php_netbeans/YiiRoot/framework/web/CFormModel.php(39): ModelCode->init()
#6 /Users/laurencetsang/zy_work/workspace_for_php_netbeans/YiiRoot/framework/gii/CCodeGenerator.php(153): CFormModel->__construct()
#7 /Users/laurencetsang/zy_work/workspace_for_php_netbeans/YiiRoot/framework/gii/CCodeGenerator.php(63): CCodeGenerator->prepare()
#8 /Users/laurencetsang/zy_work/workspace_for_php_netbeans/YiiRoot/framework/web/actions/CInlineAction.php(49): CCodeGenerator->actionIndex()
#9 /Users/laurencetsang/zy_work/workspace_for_php_netbeans/YiiRoot/framework/web/CController.php(308): CInlineAction->runWithParams(Array)
#10 /Users/laurencetsang/zy_work/workspace_for_php_netbeans/YiiRoot/framework/web/CController.php(286): CController->runAction(Object(CInlineAction))
#11 /Users/laurencetsang/zy_work/workspace_for_php_netbeans/YiiRoot/framework/web/CController.php(265): CController->runActionWithFilters(Object(CInlineAction), Array)
#12 /Users/laurencetsang/zy_work/workspace_for_php_netbeans/YiiRoot/framework/web/CWebApplication.php(282): CController->run('index')
#13 /Users/laurencetsang/zy_work/workspace_for_php_netbeans/YiiRoot/framework/web/CWebApplication.php(141): CWebApplication->runController('gii/model/index')
#14 /Users/laurencetsang/zy_work/workspace_for_php_netbeans/YiiRoot/framework/base/CApplication.php(180): CWebApplication->processRequest()
#15 /Users/laurencetsang/zy_work/workspace_for_php_netbeans/yunduoserver/index.php(13): CApplication->run()
#16 {main}
REQUEST_URI=/yunduoserver/index.php?r=gii/model/index
HTTP_REFERER=http://127.0.0.1/yunduoserver/index.php?r=gii
---
2014/03/26 15:16:32 [error] [exception.CDbException] exception 'CDbException' with message 'CDbConnection failed to open the DB connection: could not find driver' in /Users/laurencetsang/zy_work/workspace_for_php_netbeans/YiiRoot/framework/db/CDbConnection.php:382
Stack trace:
#0 /Users/laurencetsang/zy_work/workspace_for_php_netbeans/YiiRoot/framework/db/CDbConnection.php(330): CDbConnection->open()
#1 /Users/laurencetsang/zy_work/workspace_for_php_netbeans/YiiRoot/framework/db/CDbConnection.php(308): CDbConnection->setActive(true)
#2 /Users/laurencetsang/zy_work/workspace_for_php_netbeans/YiiRoot/framework/base/CModule.php(387): CDbConnection->init()
#3 /Users/laurencetsang/zy_work/workspace_for_php_netbeans/YiiRoot/framework/base/CModule.php(103): CModule->getComponent('db')
#4 /Users/laurencetsang/zy_work/workspace_for_php_netbeans/YiiRoot/framework/gii/generators/model/ModelCode.php(60): CModule->__get('db')
#5 /Users/laurencetsang/zy_work/workspace_for_php_netbeans/YiiRoot/framework/web/CFormModel.php(39): ModelCode->init()
#6 /Users/laurencetsang/zy_work/workspace_for_php_netbeans/YiiRoot/framework/gii/CCodeGenerator.php(153): CFormModel->__construct()
#7 /Users/laurencetsang/zy_work/workspace_for_php_netbeans/YiiRoot/framework/gii/CCodeGenerator.php(63): CCodeGenerator->prepare()
#8 /Users/laurencetsang/zy_work/workspace_for_php_netbeans/YiiRoot/framework/web/actions/CInlineAction.php(49): CCodeGenerator->actionIndex()
#9 /Users/laurencetsang/zy_work/workspace_for_php_netbeans/YiiRoot/framework/web/CController.php(308): CInlineAction->runWithParams(Array)
#10 /Users/laurencetsang/zy_work/workspace_for_php_netbeans/YiiRoot/framework/web/CController.php(286): CController->runAction(Object(CInlineAction))
#11 /Users/laurencetsang/zy_work/workspace_for_php_netbeans/YiiRoot/framework/web/CController.php(265): CController->runActionWithFilters(Object(CInlineAction), Array)
#12 /Users/laurencetsang/zy_work/workspace_for_php_netbeans/YiiRoot/framework/web/CWebApplication.php(282): CController->run('index')
#13 /Users/laurencetsang/zy_work/workspace_for_php_netbeans/YiiRoot/framework/web/CWebApplication.php(141): CWebApplication->runController('gii/model/index')
#14 /Users/laurencetsang/zy_work/workspace_for_php_netbeans/YiiRoot/framework/base/CApplication.php(180): CWebApplication->processRequest()
#15 /Users/laurencetsang/zy_work/workspace_for_php_netbeans/yunduoserver/index.php(13): CApplication->run()
#16 {main}
REQUEST_URI=/yunduoserver/index.php?r=gii/model/index
HTTP_REFERER=http://127.0.0.1/yunduoserver/index.php?r=gii
---
2014/03/26 15:16:33 [error] [exception.CDbException] exception 'CDbException' with message 'CDbConnection failed to open the DB connection: could not find driver' in /Users/laurencetsang/zy_work/workspace_for_php_netbeans/YiiRoot/framework/db/CDbConnection.php:382
Stack trace:
#0 /Users/laurencetsang/zy_work/workspace_for_php_netbeans/YiiRoot/framework/db/CDbConnection.php(330): CDbConnection->open()
#1 /Users/laurencetsang/zy_work/workspace_for_php_netbeans/YiiRoot/framework/db/CDbConnection.php(308): CDbConnection->setActive(true)
#2 /Users/laurencetsang/zy_work/workspace_for_php_netbeans/YiiRoot/framework/base/CModule.php(387): CDbConnection->init()
#3 /Users/laurencetsang/zy_work/workspace_for_php_netbeans/YiiRoot/framework/base/CModule.php(103): CModule->getComponent('db')
#4 /Users/laurencetsang/zy_work/workspace_for_php_netbeans/YiiRoot/framework/gii/generators/model/ModelCode.php(60): CModule->__get('db')
#5 /Users/laurencetsang/zy_work/workspace_for_php_netbeans/YiiRoot/framework/web/CFormModel.php(39): ModelCode->init()
#6 /Users/laurencetsang/zy_work/workspace_for_php_netbeans/YiiRoot/framework/gii/CCodeGenerator.php(153): CFormModel->__construct()
#7 /Users/laurencetsang/zy_work/workspace_for_php_netbeans/YiiRoot/framework/gii/CCodeGenerator.php(63): CCodeGenerator->prepare()
#8 /Users/laurencetsang/zy_work/workspace_for_php_netbeans/YiiRoot/framework/web/actions/CInlineAction.php(49): CCodeGenerator->actionIndex()
#9 /Users/laurencetsang/zy_work/workspace_for_php_netbeans/YiiRoot/framework/web/CController.php(308): CInlineAction->runWithParams(Array)
#10 /Users/laurencetsang/zy_work/workspace_for_php_netbeans/YiiRoot/framework/web/CController.php(286): CController->runAction(Object(CInlineAction))
#11 /Users/laurencetsang/zy_work/workspace_for_php_netbeans/YiiRoot/framework/web/CController.php(265): CController->runActionWithFilters(Object(CInlineAction), Array)
#12 /Users/laurencetsang/zy_work/workspace_for_php_netbeans/YiiRoot/framework/web/CWebApplication.php(282): CController->run('index')
#13 /Users/laurencetsang/zy_work/workspace_for_php_netbeans/YiiRoot/framework/web/CWebApplication.php(141): CWebApplication->runController('gii/model/index')
#14 /Users/laurencetsang/zy_work/workspace_for_php_netbeans/YiiRoot/framework/base/CApplication.php(180): CWebApplication->processRequest()
#15 /Users/laurencetsang/zy_work/workspace_for_php_netbeans/yunduoserver/index.php(13): CApplication->run()
#16 {main}
REQUEST_URI=/yunduoserver/index.php?r=gii/model/index
HTTP_REFERER=http://127.0.0.1/yunduoserver/index.php?r=gii
---
2014/03/26 15:36:13 [error] [exception.CDbException] exception 'CDbException' with message 'CDbConnection failed to open the DB connection: could not find driver' in /Users/laurencetsang/zy_work/workspace_for_php_netbeans/YiiRoot/framework/db/CDbConnection.php:382
Stack trace:
#0 /Users/laurencetsang/zy_work/workspace_for_php_netbeans/YiiRoot/framework/db/CDbConnection.php(330): CDbConnection->open()
#1 /Users/laurencetsang/zy_work/workspace_for_php_netbeans/YiiRoot/framework/db/CDbConnection.php(308): CDbConnection->setActive(true)
#2 /Users/laurencetsang/zy_work/workspace_for_php_netbeans/YiiRoot/framework/base/CModule.php(387): CDbConnection->init()
#3 /Users/laurencetsang/zy_work/workspace_for_php_netbeans/YiiRoot/framework/base/CModule.php(103): CModule->getComponent('db')
#4 /Users/laurencetsang/zy_work/workspace_for_php_netbeans/YiiRoot/framework/gii/generators/model/ModelCode.php(60): CModule->__get('db')
#5 /Users/laurencetsang/zy_work/workspace_for_php_netbeans/YiiRoot/framework/web/CFormModel.php(39): ModelCode->init()
#6 /Users/laurencetsang/zy_work/workspace_for_php_netbeans/YiiRoot/framework/gii/CCodeGenerator.php(153): CFormModel->__construct()
#7 /Users/laurencetsang/zy_work/workspace_for_php_netbeans/YiiRoot/framework/gii/CCodeGenerator.php(63): CCodeGenerator->prepare()
#8 /Users/laurencetsang/zy_work/workspace_for_php_netbeans/YiiRoot/framework/web/actions/CInlineAction.php(49): CCodeGenerator->actionIndex()
#9 /Users/laurencetsang/zy_work/workspace_for_php_netbeans/YiiRoot/framework/web/CController.php(308): CInlineAction->runWithParams(Array)
#10 /Users/laurencetsang/zy_work/workspace_for_php_netbeans/YiiRoot/framework/web/CController.php(286): CController->runAction(Object(CInlineAction))
#11 /Users/laurencetsang/zy_work/workspace_for_php_netbeans/YiiRoot/framework/web/CController.php(265): CController->runActionWithFilters(Object(CInlineAction), Array)
#12 /Users/laurencetsang/zy_work/workspace_for_php_netbeans/YiiRoot/framework/web/CWebApplication.php(282): CController->run('index')
#13 /Users/laurencetsang/zy_work/workspace_for_php_netbeans/YiiRoot/framework/web/CWebApplication.php(141): CWebApplication->runController('gii/model/index')
#14 /Users/laurencetsang/zy_work/workspace_for_php_netbeans/YiiRoot/framework/base/CApplication.php(180): CWebApplication->processRequest()
#15 /Users/laurencetsang/zy_work/workspace_for_php_netbeans/yunduoserver/index.php(13): CApplication->run()
#16 {main}
REQUEST_URI=/yunduoserver/index.php?r=gii/model/index
HTTP_REFERER=http://127.0.0.1/yunduoserver/index.php?r=gii
---
2014/03/26 15:36:16 [error] [exception.CDbException] exception 'CDbException' with message 'CDbConnection failed to open the DB connection: could not find driver' in /Users/laurencetsang/zy_work/workspace_for_php_netbeans/YiiRoot/framework/db/CDbConnection.php:382
Stack trace:
#0 /Users/laurencetsang/zy_work/workspace_for_php_netbeans/YiiRoot/framework/db/CDbConnection.php(330): CDbConnection->open()
#1 /Users/laurencetsang/zy_work/workspace_for_php_netbeans/YiiRoot/framework/db/CDbConnection.php(308): CDbConnection->setActive(true)
#2 /Users/laurencetsang/zy_work/workspace_for_php_netbeans/YiiRoot/framework/base/CModule.php(387): CDbConnection->init()
#3 /Users/laurencetsang/zy_work/workspace_for_php_netbeans/YiiRoot/framework/base/CModule.php(103): CModule->getComponent('db')
#4 /Users/laurencetsang/zy_work/workspace_for_php_netbeans/YiiRoot/framework/gii/generators/model/ModelCode.php(60): CModule->__get('db')
#5 /Users/laurencetsang/zy_work/workspace_for_php_netbeans/YiiRoot/framework/web/CFormModel.php(39): ModelCode->init()
#6 /Users/laurencetsang/zy_work/workspace_for_php_netbeans/YiiRoot/framework/gii/CCodeGenerator.php(153): CFormModel->__construct()
#7 /Users/laurencetsang/zy_work/workspace_for_php_netbeans/YiiRoot/framework/gii/CCodeGenerator.php(63): CCodeGenerator->prepare()
#8 /Users/laurencetsang/zy_work/workspace_for_php_netbeans/YiiRoot/framework/web/actions/CInlineAction.php(49): CCodeGenerator->actionIndex()
#9 /Users/laurencetsang/zy_work/workspace_for_php_netbeans/YiiRoot/framework/web/CController.php(308): CInlineAction->runWithParams(Array)
#10 /Users/laurencetsang/zy_work/workspace_for_php_netbeans/YiiRoot/framework/web/CController.php(286): CController->runAction(Object(CInlineAction))
#11 /Users/laurencetsang/zy_work/workspace_for_php_netbeans/YiiRoot/framework/web/CController.php(265): CController->runActionWithFilters(Object(CInlineAction), Array)
#12 /Users/laurencetsang/zy_work/workspace_for_php_netbeans/YiiRoot/framework/web/CWebApplication.php(282): CController->run('index')
#13 /Users/laurencetsang/zy_work/workspace_for_php_netbeans/YiiRoot/framework/web/CWebApplication.php(141): CWebApplication->runController('gii/model/index')
#14 /Users/laurencetsang/zy_work/workspace_for_php_netbeans/YiiRoot/framework/base/CApplication.php(180): CWebApplication->processRequest()
#15 /Users/laurencetsang/zy_work/workspace_for_php_netbeans/yunduoserver/index.php(13): CApplication->run()
#16 {main}
REQUEST_URI=/yunduoserver/index.php?r=gii/model/index
---
2014/03/26 15:36:22 [error] [exception.CDbException] exception 'CDbException' with message 'CDbConnection failed to open the DB connection: could not find driver' in /Users/laurencetsang/zy_work/workspace_for_php_netbeans/YiiRoot/framework/db/CDbConnection.php:382
Stack trace:
#0 /Users/laurencetsang/zy_work/workspace_for_php_netbeans/YiiRoot/framework/db/CDbConnection.php(330): CDbConnection->open()
#1 /Users/laurencetsang/zy_work/workspace_for_php_netbeans/YiiRoot/framework/db/CDbConnection.php(308): CDbConnection->setActive(true)
#2 /Users/laurencetsang/zy_work/workspace_for_php_netbeans/YiiRoot/framework/base/CModule.php(387): CDbConnection->init()
#3 /Users/laurencetsang/zy_work/workspace_for_php_netbeans/YiiRoot/framework/base/CModule.php(103): CModule->getComponent('db')
#4 /Users/laurencetsang/zy_work/workspace_for_php_netbeans/YiiRoot/framework/gii/generators/model/ModelCode.php(60): CModule->__get('db')
#5 /Users/laurencetsang/zy_work/workspace_for_php_netbeans/YiiRoot/framework/web/CFormModel.php(39): ModelCode->init()
#6 /Users/laurencetsang/zy_work/workspace_for_php_netbeans/YiiRoot/framework/gii/CCodeGenerator.php(153): CFormModel->__construct()
#7 /Users/laurencetsang/zy_work/workspace_for_php_netbeans/YiiRoot/framework/gii/CCodeGenerator.php(63): CCodeGenerator->prepare()
#8 /Users/laurencetsang/zy_work/workspace_for_php_netbeans/YiiRoot/framework/web/actions/CInlineAction.php(49): CCodeGenerator->actionIndex()
#9 /Users/laurencetsang/zy_work/workspace_for_php_netbeans/YiiRoot/framework/web/CController.php(308): CInlineAction->runWithParams(Array)
#10 /Users/laurencetsang/zy_work/workspace_for_php_netbeans/YiiRoot/framework/web/CController.php(286): CController->runAction(Object(CInlineAction))
#11 /Users/laurencetsang/zy_work/workspace_for_php_netbeans/YiiRoot/framework/web/CController.php(265): CController->runActionWithFilters(Object(CInlineAction), Array)
#12 /Users/laurencetsang/zy_work/workspace_for_php_netbeans/YiiRoot/framework/web/CWebApplication.php(282): CController->run('index')
#13 /Users/laurencetsang/zy_work/workspace_for_php_netbeans/YiiRoot/framework/web/CWebApplication.php(141): CWebApplication->runController('gii/model/index')
#14 /Users/laurencetsang/zy_work/workspace_for_php_netbeans/YiiRoot/framework/base/CApplication.php(180): CWebApplication->processRequest()
#15 /Users/laurencetsang/zy_work/workspace_for_php_netbeans/yunduoserver/index.php(13): CApplication->run()
#16 {main}
REQUEST_URI=/yunduoserver/index.php?r=gii/model/index
---
